2023-04-14 12:54:06[WARN] user: ubuntu
GET /students
USE eager loading detected
  Student => [:reviews]
  Add to your query: .includes([:reviews])
Call stack
  /home/ubuntu/final-rails/record/app/views/students/index.html.erb:63:in `block in _app_views_students_index_html_erb__3093210793421379366_32860'
  /home/ubuntu/final-rails/record/app/views/students/index.html.erb:61:in `_app_views_students_index_html_erb__3093210793421379366_32860'

2023-04-14 12:54:52[WARN] user: ubuntu
GET /students
USE eager loading detected
  Student => [:reviews]
  Add to your query: .includes([:reviews])
Call stack
  /home/ubuntu/final-rails/record/app/views/students/index.html.erb:63:in `block in _app_views_students_index_html_erb__3093210793421379366_32860'
  /home/ubuntu/final-rails/record/app/views/students/index.html.erb:61:in `_app_views_students_index_html_erb__3093210793421379366_32860'

2023-04-14 12:55:01[WARN] user: ubuntu
GET /
USE eager loading detected
  Student => [:reviews]
  Add to your query: .includes([:reviews])
Call stack
  /home/ubuntu/final-rails/record/app/views/students/index.html.erb:63:in `block in _app_views_students_index_html_erb___1564762146324164289_32860'
  /home/ubuntu/final-rails/record/app/views/students/index.html.erb:61:in `_app_views_students_index_html_erb___1564762146324164289_32860'

2023-04-14 12:57:08[WARN] user: ubuntu
GET /
USE eager loading detected
  Student => [:reviews]
  Add to your query: .includes([:reviews])
Call stack
  /home/ubuntu/final-rails/record/app/views/students/index.html.erb:63:in `block in _app_views_students_index_html_erb___1564762146324164289_34600'
  /home/ubuntu/final-rails/record/app/views/students/index.html.erb:61:in `_app_views_students_index_html_erb___1564762146324164289_34600'

2023-04-14 12:57:37[WARN] user: ubuntu
GET /
USE eager loading detected
  Student => [:reviews]
  Add to your query: .includes([:reviews])
Call stack
  /home/ubuntu/final-rails/record/app/views/students/index.html.erb:63:in `block in _app_views_students_index_html_erb___1564762146324164289_34600'
  /home/ubuntu/final-rails/record/app/views/students/index.html.erb:61:in `_app_views_students_index_html_erb___1564762146324164289_34600'

2023-04-14 12:57:53[WARN] user: ubuntu
GET /
USE eager loading detected
  Student => [:reviews]
  Add to your query: .includes([:reviews])
Call stack
  /home/ubuntu/final-rails/record/app/views/students/index.html.erb:63:in `block in _app_views_students_index_html_erb___1564762146324164289_34600'
  /home/ubuntu/final-rails/record/app/views/students/index.html.erb:61:in `_app_views_students_index_html_erb___1564762146324164289_34600'

2023-04-14 12:58:06[WARN] user: ubuntu
GET /
USE eager loading detected
  Student => [:reviews]
  Add to your query: .includes([:reviews])
Call stack
  /home/ubuntu/final-rails/record/app/views/students/index.html.erb:63:in `block in _app_views_students_index_html_erb___1564762146324164289_34600'
  /home/ubuntu/final-rails/record/app/views/students/index.html.erb:61:in `_app_views_students_index_html_erb___1564762146324164289_34600'

2023-04-14 14:12:02[WARN] user: ubuntu
GET /
USE eager loading detected
  Student => [:reviews]
  Add to your query: .includes([:reviews])
Call stack
  /home/ubuntu/final-rails/record/app/views/students/index.html.erb:63:in `block in _app_views_students_index_html_erb___1564762146324164289_34600'
  /home/ubuntu/final-rails/record/app/views/students/index.html.erb:61:in `_app_views_students_index_html_erb___1564762146324164289_34600'

2023-04-18 15:58:04[WARN] user: ubuntu
GET /products
USE eager loading detected
  Product => [:product_image_attachment]
  Add to your query: .includes([:product_image_attachment])
Call stack
  /home/ubuntu/final-rails/record/app/views/products/index.html.erb:17:in `block in _app_views_products_index_html_erb__1948591891444217785_41540'
  /home/ubuntu/final-rails/record/app/views/products/index.html.erb:12:in `_app_views_products_index_html_erb__1948591891444217785_41540'

2023-04-18 15:59:01[WARN] user: ubuntu
GET /products
USE eager loading detected
  Product => [:product_image_attachment]
  Add to your query: .includes([:product_image_attachment])
Call stack
  /home/ubuntu/final-rails/record/app/views/products/index.html.erb:17:in `block in _app_views_products_index_html_erb__1948591891444217785_42020'
  /home/ubuntu/final-rails/record/app/views/products/index.html.erb:12:in `_app_views_products_index_html_erb__1948591891444217785_42020'

2023-04-18 15:59:50[WARN] user: ubuntu
GET /products
USE eager loading detected
  Product => [:product_image_attachment]
  Add to your query: .includes([:product_image_attachment])
Call stack
  /home/ubuntu/final-rails/record/app/views/products/index.html.erb:15:in `block in _app_views_products_index_html_erb__1948591891444217785_42280'
  /home/ubuntu/final-rails/record/app/views/products/index.html.erb:12:in `_app_views_products_index_html_erb__1948591891444217785_42280'

2023-04-18 16:00:15[WARN] user: ubuntu
GET /products
USE eager loading detected
  Product => [:product_image_attachment]
  Add to your query: .includes([:product_image_attachment])
Call stack
  /home/ubuntu/final-rails/record/app/views/products/index.html.erb:15:in `block in _app_views_products_index_html_erb__1948591891444217785_42280'
  /home/ubuntu/final-rails/record/app/views/products/index.html.erb:12:in `_app_views_products_index_html_erb__1948591891444217785_42280'

2023-04-18 16:01:43[WARN] user: ubuntu
GET /products
USE eager loading detected
  Product => [:product_image_attachment]
  Add to your query: .includes([:product_image_attachment])
Call stack
  /home/ubuntu/final-rails/record/app/views/products/index.html.erb:15:in `block in _app_views_products_index_html_erb__1948591891444217785_43080'
  /home/ubuntu/final-rails/record/app/views/products/index.html.erb:12:in `_app_views_products_index_html_erb__1948591891444217785_43080'

2023-04-18 16:03:34[WARN] user: ubuntu
GET /products
USE eager loading detected
  Product => [:product_image_attachment]
  Add to your query: .includes([:product_image_attachment])
Call stack
  /home/ubuntu/final-rails/record/app/views/products/index.html.erb:15:in `block in _app_views_products_index_html_erb__1948591891444217785_43720'
  /home/ubuntu/final-rails/record/app/views/products/index.html.erb:12:in `_app_views_products_index_html_erb__1948591891444217785_43720'

2023-04-18 16:05:48[WARN] user: ubuntu
GET /products
USE eager loading detected
  Product => [:product_image_attachment]
  Add to your query: .includes([:product_image_attachment])
Call stack
  /home/ubuntu/final-rails/record/app/views/products/index.html.erb:15:in `block in _app_views_products_index_html_erb__1948591891444217785_44540'
  /home/ubuntu/final-rails/record/app/views/products/index.html.erb:12:in `_app_views_products_index_html_erb__1948591891444217785_44540'

2023-04-18 16:06:28[WARN] user: ubuntu
GET /products
USE eager loading detected
  Product => [:product_image_attachment]
  Add to your query: .includes([:product_image_attachment])
Call stack
  /home/ubuntu/final-rails/record/app/views/products/index.html.erb:15:in `block in _app_views_products_index_html_erb__1948591891444217785_44540'
  /home/ubuntu/final-rails/record/app/views/products/index.html.erb:12:in `_app_views_products_index_html_erb__1948591891444217785_44540'

2023-04-18 16:10:39[WARN] user: ubuntu
GET /products
USE eager loading detected
  Product => [:product_image_attachment]
  Add to your query: .includes([:product_image_attachment])
Call stack
  /home/ubuntu/final-rails/record/app/views/products/index.html.erb:15:in `block in _app_views_products_index_html_erb__1948591891444217785_79340'
  /home/ubuntu/final-rails/record/app/views/products/index.html.erb:12:in `_app_views_products_index_html_erb__1948591891444217785_79340'

2023-04-18 16:11:25[WARN] user: ubuntu
GET /products
USE eager loading detected
  Product => [:product_image_attachment]
  Add to your query: .includes([:product_image_attachment])
Call stack
  /home/ubuntu/final-rails/record/app/views/products/index.html.erb:15:in `block in _app_views_products_index_html_erb__4179756275554483997_36200'
  /home/ubuntu/final-rails/record/app/views/products/index.html.erb:12:in `_app_views_products_index_html_erb__4179756275554483997_36200'

2023-04-18 16:11:39[WARN] user: ubuntu
GET /products
USE eager loading detected
  Product => [:product_image_attachment]
  Add to your query: .includes([:product_image_attachment])
Call stack
  /home/ubuntu/final-rails/record/app/views/products/index.html.erb:15:in `block in _app_views_products_index_html_erb___2979730922154698567_36200'
  /home/ubuntu/final-rails/record/app/views/products/index.html.erb:12:in `_app_views_products_index_html_erb___2979730922154698567_36200'

2023-04-18 16:45:26[WARN] user: ubuntu
GET /products
USE eager loading detected
  Product => [:product_image_attachment]
  Add to your query: .includes([:product_image_attachment])
Call stack
  /home/ubuntu/final-rails/record/app/views/products/index.html.erb:21:in `block in _app_views_products_index_html_erb__4236436915057714214_38780'
  /home/ubuntu/final-rails/record/app/views/products/index.html.erb:18:in `_app_views_products_index_html_erb__4236436915057714214_38780'

2023-04-18 16:46:09[WARN] user: ubuntu
GET /products
USE eager loading detected
  Product => [:product_image_attachment]
  Add to your query: .includes([:product_image_attachment])
Call stack
  /home/ubuntu/final-rails/record/app/views/products/index.html.erb:21:in `block in _app_views_products_index_html_erb__4236436915057714214_39900'
  /home/ubuntu/final-rails/record/app/views/products/index.html.erb:18:in `_app_views_products_index_html_erb__4236436915057714214_39900'

2023-04-18 16:46:24[WARN] user: ubuntu
GET /products
USE eager loading detected
  Product => [:product_image_attachment]
  Add to your query: .includes([:product_image_attachment])
Call stack
  /home/ubuntu/final-rails/record/app/views/products/index.html.erb:21:in `block in _app_views_products_index_html_erb__4236436915057714214_40000'
  /home/ubuntu/final-rails/record/app/views/products/index.html.erb:18:in `_app_views_products_index_html_erb__4236436915057714214_40000'

2023-04-18 16:47:19[WARN] user: ubuntu
GET /products
USE eager loading detected
  Product => [:product_image_attachment]
  Add to your query: .includes([:product_image_attachment])
Call stack
  /home/ubuntu/final-rails/record/app/views/products/index.html.erb:21:in `block in _app_views_products_index_html_erb__4236436915057714214_40000'
  /home/ubuntu/final-rails/record/app/views/products/index.html.erb:18:in `_app_views_products_index_html_erb__4236436915057714214_40000'

2023-04-18 16:47:37[WARN] user: ubuntu
GET /products
USE eager loading detected
  Product => [:product_image_attachment]
  Add to your query: .includes([:product_image_attachment])
Call stack
  /home/ubuntu/final-rails/record/app/views/products/index.html.erb:21:in `block in _app_views_products_index_html_erb__4236436915057714214_40440'
  /home/ubuntu/final-rails/record/app/views/products/index.html.erb:18:in `_app_views_products_index_html_erb__4236436915057714214_40440'

2023-04-18 16:48:52[WARN] user: ubuntu
GET /products
USE eager loading detected
  Product => [:product_image_attachment]
  Add to your query: .includes([:product_image_attachment])
Call stack
  /home/ubuntu/final-rails/record/app/views/products/index.html.erb:21:in `block in _app_views_products_index_html_erb__4236436915057714214_40440'
  /home/ubuntu/final-rails/record/app/views/products/index.html.erb:18:in `_app_views_products_index_html_erb__4236436915057714214_40440'

